Arguments: 
  /usr/local/bin/node /usr/local/bin/yarn install

PATH: 
  /Library/Frameworks/Python.framework/Versions/3.10/bin:/usr/local/bin:/System/Cryptexes/App/usr/bin:/usr/bin:/bin:/usr/sbin:/sbin:/usr/local/share/dotnet:~/.dotnet/tools:/Library/Frameworks/Python.framework/Versions/3.10/bin

Yarn version: 
  1.22.18

Node version: 
  16.15.0

Platform: 
  darwin x64

Trace: 
  SyntaxError: /Users/sergey/Projects/Test apps/StrandsLyra/package.json: Unexpected token } in JSON at position 1299
      at JSON.parse (<anonymous>)
      at /usr/local/lib/node_modules/yarn/lib/cli.js:1625:59
      at Generator.next (<anonymous>)
      at step (/usr/local/lib/node_modules/yarn/lib/cli.js:310:30)
      at /usr/local/lib/node_modules/yarn/lib/cli.js:321:13

npm manifest: 
  {
    "name": "strands",
    "version": "1.0.0",
    "description": "",
    "main": "index.js",
    "author": "",
    "license": "ISC",
    "config": {
      "src": "test/**/*.ts scripts/**/*.ts contracts/**/*.sol contracts/*.sol hardhat.config.ts"
    },
    "scripts": {
      "clean": "hardhat clean && rimraf ./cache && rimraf ./artifacts && rimraf ./cache-ovm && rimraf ./artifacts-ovm",
      "compile": "hardhat compile",
      "build": "yarn clean && yarn compile",
      "test": "hardhat test ./test/contracts/**/*.ts ./test/contracts/periphery/**/*.ts ./test/contracts/USDC_quoteAsset/**/*.ts",
      "lint": "yarn run lint:sol && yarn run lint:ts",
      "lint:fix": "yarn run lint:sol:fix && yarn run lint:ts:fix",
      "lint:sol": "solhint \\\"contracts/*.sol\\\" \\\"contracts/periphery/*.sol\\\" \\\"contracts/libraries/*.sol\\\"",
      "lint:sol:fix": "yarn lint:sol --fix",
      "lint:ts": "eslint --config ./.eslintrc.json --ignore-path ./.eslintignore --ext .js,.ts .",
      "lint:ts:fix": "yarn lint:ts --fix",
      "prettier:sol": "prettier --config .prettierrc --write \"contracts/**/*.sol\"",
      "prettier:ts": "prettier --config .prettierrc --write \"**/*.{js,ts}\"",
      "prettier:json:md": "prettier --config .prettierrc --write \"**/*.{json,md}\"",
      "prettier": "yarn prettier:sol && yarn prettier:ts",
    },
    "devDependencies": {
      "@ethereum-waffle/mock-contract": "^3.3.0",
      "@ethersproject/web": "^5.6.1",
      "@nomiclabs/hardhat-ethers": "^2.0.5",
      "@nomiclabs/hardhat-etherscan": "^3.1.0",
      "@nomiclabs/hardhat-waffle": "^2.0.1",
      "@typechain/ethers-v5": "^8.0.5",
      "@typechain/hardhat": "^3.0.0",
      "@types/chai": "^4.2.14",
      "@types/fs-extra": "^9.0.13",
      "@types/mathjs": "^9.4.2",
      "@types/mocha": "^9.0.0",
      "@types/mustache": "^4.1.2",
      "@types/node": "^16.11.10",
      "@typescript-eslint/eslint-plugin": "^5.4.0",
      "@typescript-eslint/parser": "^5.4.0",
      "chai": "^4.2.0",
      "chalk": "^4.1.0",
      "eslint": "^8.3.0",
      "eslint-config-prettier": "^8.2.0",
      "eth-gas-reporter": "^0.2.24",
      "ethereum-waffle": "^3.2.1",
      "ethers": "^5.7.1",
      "gmx": "git+https://github.com/0xdomrom/gmx-contracts#master",
      "hardhat": "^2.8.0",
      "hardhat-contract-sizer": "^2.0.3",
      "hardhat-gas-reporter": "^1.0.4",
      "husky": "4.3.8",
      "lint-staged": "^10.5.4",
      "mathjs": "^10.0.0",
      "mustache": "^4.2.0",
      "prettier": "^2.5.1",
      "prettier-plugin-organize-imports": "^2.3.4",
      "prettier-plugin-solidity": "^1.0.0-beta.19",
      "rimraf": "^3.0.2",
      "sol2uml": "^1.1.25",
      "solc": "0.8.9",
      "solhint": "^3.3.7",
      "solhint-plugin-prettier": "^0.0.5",
      "solidity-coverage": "^0.7.18",
      "solidity-docgen": "^0.5.13",
      "surya": "git+https://github.com/dominicromanowski/surya.git#patch-1",
      "synthetix": "git+https://github.com/joshpwrk/synthetix#dependancy-changes-for-integrations",
      "ts-generator": "^0.1.1",
      "ts-node": "^9.1.1",
      "typechain": "^6.0.5",
      "typescript": "^4.1.3",
      "wait-port": "^0.2.9"
    },
    "dependencies": {
      "@ethersproject/abi": "^5.4.0",
      "@ethersproject/abstract-provider": "^5.6.0",
      "@openzeppelin/hardhat-upgrades": "^1.14.0",
      "@typechain/hardhat": "^3.0.0",
      "dotenv": "^9.0.2",
      "hardhat-dependency-compiler": "^1.1.2",
      "hardhat-interface-generator": "^0.0.6",
      "hardhat-tracer": "1.0.0-alpha.6",
      "openzeppelin-contracts-4.4.1": "npm:@openzeppelin/contracts@4.4.1",
      "openzeppelin-contracts-upgradeable-4.5.1": "npm:@openzeppelin/contracts-upgradeable@4.5.1",
      "stochastic": "^0.0.14"
    },
    "peerDependencies": {
      "@nomiclabs/hardhat-ethers": "^2.0.5",
      "@typechain/ethers-v5": "^8.0.5",
      "@typechain/hardhat": "^3.0.0",
      "ethers": "^5.1.0",
      "hardhat": "^2.8.0",
      "hardhat-dependency-compiler": "^1.1.2",
      "typechain": "^6.0.5"
    }
  }

yarn manifest: 
  No manifest

Lockfile: 
  No lockfile
